# JRE version: OpenJDK Runtime Environment Temurin-25.0.1+8 (25.0.1+8) (build 25.0.1+8-LTS)
# Java VM: OpenJDK 64-Bit Server VM Temurin-25.0.1+8 (25.0.1+8-LTS, mixed mode, sharing, tiered, compressed oops, compressed class ptrs, g1 gc, windows-amd64)
GC Precious Log:
 CardTable entry size: 512
 Card Set container configuration: InlinePtr #cards 5 size 8 Array Of Cards #cards 10 size 36 Howl #buckets 4 coarsen threshold 1843 Howl Bitmap #cards 512 size 80 coarsen threshold 460 Card regions per heap region 1 cards per card region 2048
 CPUs: 4 total, 4 available
 Memory: 8092M
 Large Page Support: Disabled
 NUMA Support: Disabled
 Compressed Oops: Enabled (32-bit)
 Heap Region Size: 1M
 Heap Min Capacity: 8M
 Heap Initial Capacity: 128M
 Heap Max Capacity: 2024M
 Pre-touch: Disabled
 Parallel Workers: 4
 Concurrent Workers: 1
 Concurrent Refinement Workers: 4
 Periodic GC: Disabled
Heap:
 garbage-first heap   total reserved 2072576K, committed 133120K, used 25747K [0x0000000081800000, 0x0000000100000000)
  region size 1024K, 23 young (23552K), 7 survivors (7168K)
GC Heap Usage History (8 events):
Event: 3.831 {heap Before GC invocations=0 (full 0):
 garbage-first heap   total reserved 2072576K, committed 133120K, used 29843K [0x0000000081800000, 0x0000000100000000)
  region size 1024K, 28 young (28672K), 0 survivors (0K)
}
Event: 3.843 {heap After GC invocations=1 (full 0):
 garbage-first heap   total reserved 2072576K, committed 133120K, used 3304K [0x0000000081800000, 0x0000000100000000)
  region size 1024K, 3 young (3072K), 3 survivors (3072K)
}
Event: 10.310 {heap Before GC invocations=1 (full 0):
 garbage-first heap   total reserved 2072576K, committed 133120K, used 60648K [0x0000000081800000, 0x0000000100000000)
  region size 1024K, 59 young (60416K), 3 survivors (3072K)
}
Event: 10.321 {heap After GC invocations=2 (full 0):
 garbage-first heap   total reserved 2072576K, committed 133120K, used 5267K [0x0000000081800000, 0x0000000100000000)
  region size 1024K, 4 young (4096K), 4 survivors (4096K)
}
Event: 15.498 {heap Before GC invocations=2 (full 0):
 garbage-first heap   total reserved 2072576K, committed 133120K, used 78995K [0x0000000081800000, 0x0000000100000000)
  region size 1024K, 76 young (77824K), 4 survivors (4096K)
}
Event: 15.509 {heap After GC invocations=3 (full 0):
 garbage-first heap   total reserved 2072576K, committed 133120K, used 7267K [0x0000000081800000, 0x0000000100000000)
  region size 1024K, 6 young (6144K), 6 survivors (6144K)
}
Event: 19.016 {heap Before GC invocations=3 (full 0):
 garbage-first heap   total reserved 2072576K, committed 133120K, used 78947K [0x0000000081800000, 0x0000000100000000)
  region size 1024K, 76 young (77824K), 6 survivors (6144K)
}
Event: 19.031 {heap After GC invocations=4 (full 0):
 garbage-first heap   total reserved 2072576K, committed 133120K, used 10387K [0x0000000081800000, 0x0000000100000000)
  region size 1024K, 7 young (7168K), 7 survivors (7168K)
}

