# JRE version: OpenJDK Runtime Environment Temurin-21.0.9+10 (21.0.9+10) (build 21.0.9+10-LTS)
# Java VM: OpenJDK 64-Bit Server VM Temurin-21.0.9+10 (21.0.9+10-LTS, mixed mode, sharing, tiered, compressed oops, compressed class ptrs, parallel gc, windows-amd64)
GC Precious Log:
 CardTable entry size: 512
 CPUs: 4 total, 4 available
 Memory: 8092M
 Large Page Support: Disabled
 NUMA Support: Disabled
 Compressed Oops: Enabled (32-bit)
 Alignments: Space 512K, Generation 512K, Heap 2M
 Heap Min Capacity: 100M
 Heap Initial Capacity: 100M
 Heap Max Capacity: 2G
 Pre-touch: Disabled
 Parallel Workers: 4
Heap:
 PSYoungGen      total 3072K, used 1112K [0x00000000d5580000, 0x00000000d5980000, 0x0000000100000000)
  eden space 2048K, 24% used [0x00000000d5580000,0x00000000d55fe190,0x00000000d5780000)
  from space 1024K, 59% used [0x00000000d5780000,0x00000000d5818000,0x00000000d5880000)
  to   space 1024K, 0% used [0x00000000d5880000,0x00000000d5880000,0x00000000d5980000)
 ParOldGen       total 414720K, used 252544K [0x0000000080000000, 0x0000000099500000, 0x00000000d5580000)
  object space 414720K, 60% used [0x0000000080000000,0x000000008f6a02d0,0x0000000099500000)
 Metaspace       used 69784K, committed 71232K, reserved 1114112K
  class space    used 7357K, committed 8000K, reserved 1048576K
GC Heap History (20 events):
Event: 109.113 GC heap before
{Heap before GC invocations=830 (full 3):
 PSYoungGen      total 3072K, used 2944K [0x00000000d5580000, 0x00000000d5980000, 0x0000000100000000)
  eden space 2048K, 100% used [0x00000000d5580000,0x00000000d5780000,0x00000000d5780000)
  from space 1024K, 87% used [0x00000000d5880000,0x00000000d5960000,0x00000000d5980000)
  to   space 1024K, 0% used [0x00000000d5780000,0x00000000d5780000,0x00000000d5880000)
 ParOldGen       total 414720K, used 248766K [0x0000000080000000, 0x0000000099500000, 0x00000000d5580000)
  object space 414720K, 59% used [0x0000000080000000,0x000000008f2efb18,0x0000000099500000)
 Metaspace       used 69392K, committed 70848K, reserved 1114112K
  class space    used 7348K, committed 8000K, reserved 1048576K
}
Event: 109.119 GC heap after
{Heap after GC invocations=830 (full 3):
 PSYoungGen      total 3072K, used 416K [0x00000000d5580000, 0x00000000d5980000, 0x0000000100000000)
  eden space 2048K, 0% used [0x00000000d5580000,0x00000000d5580000,0x00000000d5780000)
  from space 1024K, 40% used [0x00000000d5780000,0x00000000d57e8000,0x00000000d5880000)
  to   space 1024K, 0% used [0x00000000d5880000,0x00000000d5880000,0x00000000d5980000)
 ParOldGen       total 414720K, used 249574K [0x0000000080000000, 0x0000000099500000, 0x00000000d5580000)
  object space 414720K, 60% used [0x0000000080000000,0x000000008f3b9b18,0x0000000099500000)
 Metaspace       used 69392K, committed 70848K, reserved 1114112K
  class space    used 7348K, committed 8000K, reserved 1048576K
}
Event: 109.237 GC heap before
{Heap before GC invocations=831 (full 3):
 PSYoungGen      total 3072K, used 2463K [0x00000000d5580000, 0x00000000d5980000, 0x0000000100000000)
  eden space 2048K, 99% used [0x00000000d5580000,0x00000000d577ffe8,0x00000000d5780000)
  from space 1024K, 40% used [0x00000000d5780000,0x00000000d57e8000,0x00000000d5880000)
  to   space 1024K, 0% used [0x00000000d5880000,0x00000000d5880000,0x00000000d5980000)
 ParOldGen       total 414720K, used 249574K [0x0000000080000000, 0x0000000099500000, 0x00000000d5580000)
  object space 414720K, 60% used [0x0000000080000000,0x000000008f3b9b18,0x0000000099500000)
 Metaspace       used 69443K, committed 70912K, reserved 1114112K
  class space    used 7348K, committed 8000K, reserved 1048576K
}
Event: 109.240 GC heap after
{Heap after GC invocations=831 (full 3):
 PSYoungGen      total 2560K, used 320K [0x00000000d5580000, 0x00000000d5900000, 0x0000000100000000)
  eden space 2048K, 0% used [0x00000000d5580000,0x00000000d5580000,0x00000000d5780000)
  from space 512K, 62% used [0x00000000d5880000,0x00000000d58d0000,0x00000000d5900000)
  to   space 512K, 0% used [0x00000000d5800000,0x00000000d5800000,0x00000000d5880000)
 ParOldGen       total 414720K, used 249913K [0x0000000080000000, 0x0000000099500000, 0x00000000d5580000)
  object space 414720K, 60% used [0x0000000080000000,0x000000008f40e438,0x0000000099500000)
 Metaspace       used 69443K, committed 70912K, reserved 1114112K
  class space    used 7348K, committed 8000K, reserved 1048576K
}
Event: 109.409 GC heap before
{Heap before GC invocations=832 (full 3):
 PSYoungGen      total 2560K, used 2367K [0x00000000d5580000, 0x00000000d5900000, 0x0000000100000000)
  eden space 2048K, 99% used [0x00000000d5580000,0x00000000d577fff8,0x00000000d5780000)
  from space 512K, 62% used [0x00000000d5880000,0x00000000d58d0000,0x00000000d5900000)
  to   space 512K, 0% used [0x00000000d5800000,0x00000000d5800000,0x00000000d5880000)
 ParOldGen       total 414720K, used 249913K [0x0000000080000000, 0x0000000099500000, 0x00000000d5580000)
  object space 414720K, 60% used [0x0000000080000000,0x000000008f40e438,0x0000000099500000)
 Metaspace       used 69471K, committed 70912K, reserved 1114112K
  class space    used 7348K, committed 8000K, reserved 1048576K
}
Event: 109.411 GC heap after
{Heap after GC invocations=832 (full 3):
 PSYoungGen      total 2560K, used 480K [0x00000000d5580000, 0x00000000d5900000, 0x0000000100000000)
  eden space 2048K, 0% used [0x00000000d5580000,0x00000000d5580000,0x00000000d5780000)
  from space 512K, 93% used [0x00000000d5800000,0x00000000d5878000,0x00000000d5880000)
  to   space 512K, 0% used [0x00000000d5880000,0x00000000d5880000,0x00000000d5900000)
 ParOldGen       total 414720K, used 250161K [0x0000000080000000, 0x0000000099500000, 0x00000000d5580000)
  object space 414720K, 60% used [0x0000000080000000,0x000000008f44c458,0x0000000099500000)
 Metaspace       used 69471K, committed 70912K, reserved 1114112K
  class space    used 7348K, committed 8000K, reserved 1048576K
}
Event: 109.460 GC heap before
{Heap before GC invocations=833 (full 3):
 PSYoungGen      total 2560K, used 2528K [0x00000000d5580000, 0x00000000d5900000, 0x0000000100000000)
  eden space 2048K, 100% used [0x00000000d5580000,0x00000000d5780000,0x00000000d5780000)
  from space 512K, 93% used [0x00000000d5800000,0x00000000d5878000,0x00000000d5880000)
  to   space 512K, 0% used [0x00000000d5880000,0x00000000d5880000,0x00000000d5900000)
 ParOldGen       total 414720K, used 250161K [0x0000000080000000, 0x0000000099500000, 0x00000000d5580000)
  object space 414720K, 60% used [0x0000000080000000,0x000000008f44c458,0x0000000099500000)
 Metaspace       used 69488K, committed 70912K, reserved 1114112K
  class space    used 7348K, committed 8000K, reserved 1048576K
}
Event: 109.463 GC heap after
{Heap after GC invocations=833 (full 3):
 PSYoungGen      total 2560K, used 384K [0x00000000d5580000, 0x00000000d5900000, 0x0000000100000000)
  eden space 2048K, 0% used [0x00000000d5580000,0x00000000d5580000,0x00000000d5780000)
  from space 512K, 75% used [0x00000000d5880000,0x00000000d58e0000,0x00000000d5900000)
  to   space 512K, 0% used [0x00000000d5800000,0x00000000d5800000,0x00000000d5880000)
 ParOldGen       total 414720K, used 250552K [0x0000000080000000, 0x0000000099500000, 0x00000000d5580000)
  object space 414720K, 60% used [0x0000000080000000,0x000000008f4ae210,0x0000000099500000)
 Metaspace       used 69488K, committed 70912K, reserved 1114112K
  class space    used 7348K, committed 8000K, reserved 1048576K
}
Event: 109.544 GC heap before
{Heap before GC invocations=834 (full 3):
 PSYoungGen      total 2560K, used 2432K [0x00000000d5580000, 0x00000000d5900000, 0x0000000100000000)
  eden space 2048K, 100% used [0x00000000d5580000,0x00000000d5780000,0x00000000d5780000)
  from space 512K, 75% used [0x00000000d5880000,0x00000000d58e0000,0x00000000d5900000)
  to   space 512K, 0% used [0x00000000d5800000,0x00000000d5800000,0x00000000d5880000)
 ParOldGen       total 414720K, used 250552K [0x0000000080000000, 0x0000000099500000, 0x00000000d5580000)
  object space 414720K, 60% used [0x0000000080000000,0x000000008f4ae210,0x0000000099500000)
 Metaspace       used 69533K, committed 70976K, reserved 1114112K
  class space    used 7351K, committed 8000K, reserved 1048576K
}
Event: 109.549 GC heap after
{Heap after GC invocations=834 (full 3):
 PSYoungGen      total 2560K, used 320K [0x00000000d5580000, 0x00000000d5900000, 0x0000000100000000)
  eden space 2048K, 0% used [0x00000000d5580000,0x00000000d5580000,0x00000000d5780000)
  from space 512K, 62% used [0x00000000d5800000,0x00000000d5850000,0x00000000d5880000)
  to   space 512K, 0% used [0x00000000d5880000,0x00000000d5880000,0x00000000d5900000)
 ParOldGen       total 414720K, used 250832K [0x0000000080000000, 0x0000000099500000, 0x00000000d5580000)
  object space 414720K, 60% used [0x0000000080000000,0x000000008f4f4250,0x0000000099500000)
 Metaspace       used 69533K, committed 70976K, reserved 1114112K
  class space    used 7351K, committed 8000K, reserved 1048576K
}
Event: 109.591 GC heap before
{Heap before GC invocations=835 (full 3):
 PSYoungGen      total 2560K, used 2368K [0x00000000d5580000, 0x00000000d5900000, 0x0000000100000000)
  eden space 2048K, 100% used [0x00000000d5580000,0x00000000d5780000,0x00000000d5780000)
  from space 512K, 62% used [0x00000000d5800000,0x00000000d5850000,0x00000000d5880000)
  to   space 512K, 0% used [0x00000000d5880000,0x00000000d5880000,0x00000000d5900000)
 ParOldGen       total 414720K, used 250832K [0x0000000080000000, 0x0000000099500000, 0x00000000d5580000)
  object space 414720K, 60% used [0x0000000080000000,0x000000008f4f4250,0x0000000099500000)
 Metaspace       used 69536K, committed 71040K, reserved 1114112K
  class space    used 7351K, committed 8000K, reserved 1048576K
}
Event: 109.594 GC heap after
{Heap after GC invocations=835 (full 3):
 PSYoungGen      total 2560K, used 368K [0x00000000d5580000, 0x00000000d5900000, 0x0000000100000000)
  eden space 2048K, 0% used [0x00000000d5580000,0x00000000d5580000,0x00000000d5780000)
  from space 512K, 71% used [0x00000000d5880000,0x00000000d58dc010,0x00000000d5900000)
  to   space 512K, 0% used [0x00000000d5800000,0x00000000d5800000,0x00000000d5880000)
 ParOldGen       total 414720K, used 251080K [0x0000000080000000, 0x0000000099500000, 0x00000000d5580000)
  object space 414720K, 60% used [0x0000000080000000,0x000000008f532270,0x0000000099500000)
 Metaspace       used 69536K, committed 71040K, reserved 1114112K
  class space    used 7351K, committed 8000K, reserved 1048576K
}
Event: 109.740 GC heap before
{Heap before GC invocations=836 (full 3):
 PSYoungGen      total 2560K, used 2415K [0x00000000d5580000, 0x00000000d5900000, 0x0000000100000000)
  eden space 2048K, 99% used [0x00000000d5580000,0x00000000d577ffe8,0x00000000d5780000)
  from space 512K, 71% used [0x00000000d5880000,0x00000000d58dc010,0x00000000d5900000)
  to   space 512K, 0% used [0x00000000d5800000,0x00000000d5800000,0x00000000d5880000)
 ParOldGen       total 414720K, used 251080K [0x0000000080000000, 0x0000000099500000, 0x00000000d5580000)
  object space 414720K, 60% used [0x0000000080000000,0x000000008f532270,0x0000000099500000)
 Metaspace       used 69599K, committed 71040K, reserved 1114112K
  class space    used 7352K, committed 8000K, reserved 1048576K
}
Event: 109.745 GC heap after
{Heap after GC invocations=836 (full 3):
 PSYoungGen      total 2560K, used 352K [0x00000000d5580000, 0x00000000d5900000, 0x0000000100000000)
  eden space 2048K, 0% used [0x00000000d5580000,0x00000000d5580000,0x00000000d5780000)
  from space 512K, 68% used [0x00000000d5800000,0x00000000d5858000,0x00000000d5880000)
  to   space 512K, 0% used [0x00000000d5880000,0x00000000d5880000,0x00000000d5900000)
 ParOldGen       total 414720K, used 251368K [0x0000000080000000, 0x0000000099500000, 0x00000000d5580000)
  object space 414720K, 60% used [0x0000000080000000,0x000000008f57a290,0x0000000099500000)
 Metaspace       used 69599K, committed 71040K, reserved 1114112K
  class space    used 7352K, committed 8000K, reserved 1048576K
}
Event: 109.835 GC heap before
{Heap before GC invocations=837 (full 3):
 PSYoungGen      total 2560K, used 2400K [0x00000000d5580000, 0x00000000d5900000, 0x0000000100000000)
  eden space 2048K, 100% used [0x00000000d5580000,0x00000000d5780000,0x00000000d5780000)
  from space 512K, 68% used [0x00000000d5800000,0x00000000d5858000,0x00000000d5880000)
  to   space 512K, 0% used [0x00000000d5880000,0x00000000d5880000,0x00000000d5900000)
 ParOldGen       total 414720K, used 251368K [0x0000000080000000, 0x0000000099500000, 0x00000000d5580000)
  object space 414720K, 60% used [0x0000000080000000,0x000000008f57a290,0x0000000099500000)
 Metaspace       used 69699K, committed 71168K, reserved 1114112K
  class space    used 7352K, committed 8000K, reserved 1048576K
}
Event: 109.839 GC heap after
{Heap after GC invocations=837 (full 3):
 PSYoungGen      total 2560K, used 512K [0x00000000d5580000, 0x00000000d5980000, 0x0000000100000000)
  eden space 2048K, 0% used [0x00000000d5580000,0x00000000d5580000,0x00000000d5780000)
  from space 512K, 100% used [0x00000000d5880000,0x00000000d5900000,0x00000000d5900000)
  to   space 1024K, 0% used [0x00000000d5780000,0x00000000d5780000,0x00000000d5880000)
 ParOldGen       total 414720K, used 251632K [0x0000000080000000, 0x0000000099500000, 0x00000000d5580000)
  object space 414720K, 60% used [0x0000000080000000,0x000000008f5bc2a0,0x0000000099500000)
 Metaspace       used 69699K, committed 71168K, reserved 1114112K
  class space    used 7352K, committed 8000K, reserved 1048576K
}
Event: 109.860 GC heap before
{Heap before GC invocations=838 (full 3):
 PSYoungGen      total 2560K, used 2551K [0x00000000d5580000, 0x00000000d5980000, 0x0000000100000000)
  eden space 2048K, 99% used [0x00000000d5580000,0x00000000d577ded0,0x00000000d5780000)
  from space 512K, 100% used [0x00000000d5880000,0x00000000d5900000,0x00000000d5900000)
  to   space 1024K, 0% used [0x00000000d5780000,0x00000000d5780000,0x00000000d5880000)
 ParOldGen       total 414720K, used 251632K [0x0000000080000000, 0x0000000099500000, 0x00000000d5580000)
  object space 414720K, 60% used [0x0000000080000000,0x000000008f5bc2a0,0x0000000099500000)
 Metaspace       used 69704K, committed 71168K, reserved 1114112K
  class space    used 7352K, committed 8000K, reserved 1048576K
}
Event: 109.864 GC heap after
{Heap after GC invocations=838 (full 3):
 PSYoungGen      total 3072K, used 256K [0x00000000d5580000, 0x00000000d5900000, 0x0000000100000000)
  eden space 2048K, 0% used [0x00000000d5580000,0x00000000d5580000,0x00000000d5780000)
  from space 1024K, 25% used [0x00000000d5780000,0x00000000d57c0000,0x00000000d5880000)
  to   space 512K, 0% used [0x00000000d5880000,0x00000000d5880000,0x00000000d5900000)
 ParOldGen       total 414720K, used 252048K [0x0000000080000000, 0x0000000099500000, 0x00000000d5580000)
  object space 414720K, 60% used [0x0000000080000000,0x000000008f6242b0,0x0000000099500000)
 Metaspace       used 69704K, committed 71168K, reserved 1114112K
  class space    used 7352K, committed 8000K, reserved 1048576K
}
Event: 109.919 GC heap before
{Heap before GC invocations=839 (full 3):
 PSYoungGen      total 3072K, used 2304K [0x00000000d5580000, 0x00000000d5900000, 0x0000000100000000)
  eden space 2048K, 100% used [0x00000000d5580000,0x00000000d5780000,0x00000000d5780000)
  from space 1024K, 25% used [0x00000000d5780000,0x00000000d57c0000,0x00000000d5880000)
  to   space 512K, 0% used [0x00000000d5880000,0x00000000d5880000,0x00000000d5900000)
 ParOldGen       total 414720K, used 252048K [0x0000000080000000, 0x0000000099500000, 0x00000000d5580000)
  object space 414720K, 60% used [0x0000000080000000,0x000000008f6242b0,0x0000000099500000)
 Metaspace       used 69757K, committed 71232K, reserved 1114112K
  class space    used 7357K, committed 8000K, reserved 1048576K
}
Event: 109.922 GC heap after
{Heap after GC invocations=839 (full 3):
 PSYoungGen      total 2560K, used 480K [0x00000000d5580000, 0x00000000d5980000, 0x0000000100000000)
  eden space 2048K, 0% used [0x00000000d5580000,0x00000000d5580000,0x00000000d5780000)
  from space 512K, 93% used [0x00000000d5880000,0x00000000d58f8000,0x00000000d5900000)
  to   space 1024K, 0% used [0x00000000d5780000,0x00000000d5780000,0x00000000d5880000)
 ParOldGen       total 414720K, used 252256K [0x0000000080000000, 0x0000000099500000, 0x00000000d5580000)
  object space 414720K, 60% used [0x0000000080000000,0x000000008f6582d0,0x0000000099500000)
 Metaspace       used 69757K, committed 71232K, reserved 1114112K
  class space    used 7357K, committed 8000K, reserved 1048576K
}

